0 info it worked if it ends with ok
1 verbose cli [ '/home/sujaykundu777/.nvm/versions/node/v6.10.2/bin/node',
1 verbose cli   '/home/sujaykundu777/.nvm/versions/node/v6.10.2/bin/npm',
1 verbose cli   'run',
1 verbose cli   'start' ]
2 info using npm@3.10.10
3 info using node@v6.10.2
4 verbose run-script [ 'prestart', 'start', 'poststart' ]
5 info lifecycle ner@1.0.0~prestart: ner@1.0.0
6 silly lifecycle ner@1.0.0~prestart: no script for prestart, continuing
7 info lifecycle ner@1.0.0~start: ner@1.0.0
8 verbose lifecycle ner@1.0.0~start: unsafe-perm in lifecycle true
9 verbose lifecycle ner@1.0.0~start: PATH: /home/sujaykundu777/.nvm/versions/node/v6.10.2/lib/node_modules/npm/bin/node-gyp-bin:/home/sujaykundu777/Downloads/App/Jinglebol/node_modules/.bin:/home/sujaykundu777/.nvm/versions/node/v6.10.2/bin:/home/sujaykundu777/bin:/home/sujaykundu777/.local/bin:/usr/local/bin:/usr/bin:/bin:/usr/local/games:/usr/games:/home/sujaykundu777/.config/composer/vendor/bin:/home/sujaykundu777/.config/composer/vendor/bin
10 verbose lifecycle ner@1.0.0~start: CWD: /home/sujaykundu777/Downloads/App/Jinglebol
11 silly lifecycle ner@1.0.0~start: Args: [ '-c',
11 silly lifecycle   'concurrently --kill-others "npm run webpack-watch" "npm run express-server"' ]
12 silly lifecycle ner@1.0.0~start: Returned: code: 1  signal: null
13 info lifecycle ner@1.0.0~start: Failed to exec start script
14 verbose stack Error: ner@1.0.0 start: `concurrently --kill-others "npm run webpack-watch" "npm run express-server"`
14 verbose stack Exit status 1
14 verbose stack     at EventEmitter.<anonymous> (/home/sujaykundu777/.nvm/versions/node/v6.10.2/lib/node_modules/npm/lib/utils/lifecycle.js:255:16)
14 verbose stack     at emitTwo (events.js:106:13)
14 verbose stack     at EventEmitter.emit (events.js:191:7)
14 verbose stack     at ChildProcess.<anonymous> (/home/sujaykundu777/.nvm/versions/node/v6.10.2/lib/node_modules/npm/lib/utils/spawn.js:40:14)
14 verbose stack     at emitTwo (events.js:106:13)
14 verbose stack     at ChildProcess.emit (events.js:191:7)
14 verbose stack     at maybeClose (internal/child_process.js:886:16)
14 verbose stack     at Process.ChildProcess._handle.onexit (internal/child_process.js:226:5)
15 verbose pkgid ner@1.0.0
16 verbose cwd /home/sujaykundu777/Downloads/App/Jinglebol
17 error Linux 4.6.0-kali1-amd64
18 error argv "/home/sujaykundu777/.nvm/versions/node/v6.10.2/bin/node" "/home/sujaykundu777/.nvm/versions/node/v6.10.2/bin/npm" "run" "start"
19 error node v6.10.2
20 error npm  v3.10.10
21 error code ELIFECYCLE
22 error ner@1.0.0 start: `concurrently --kill-others "npm run webpack-watch" "npm run express-server"`
22 error Exit status 1
23 error Failed at the ner@1.0.0 start script 'concurrently --kill-others "npm run webpack-watch" "npm run express-server"'.
23 error Make sure you have the latest version of node.js and npm installed.
23 error If you do, this is most likely a problem with the ner package,
23 error not with npm itself.
23 error Tell the author that this fails on your system:
23 error     concurrently --kill-others "npm run webpack-watch" "npm run express-server"
23 error You can get information on how to open an issue for this project with:
23 error     npm bugs ner
23 error Or if that isn't available, you can get their info via:
23 error     npm owner ls ner
23 error There is likely additional logging output above.
24 verbose exit [ 1, true ]
